<?xml version="1.0" encoding="UTF-8"?>
<!-- Generated by org.testng.reporters.JUnitXMLReporter -->
<testsuite ignored="2" hostname="CRB" failures="0" tests="1" name="Default test" time="29.541" errors="0" timestamp="2025-11-24T16:06:55 IST">
  <testcase classname="com.vtiger.contactsModule.CreateContactTest" name="createContactWithOrganizationTest" time="9.788"/>
  <testcase classname="com.vtiger.contactsModule.CreateContactTest" name="createContactWithMandatoryFieldsTest" time="0.0">
    <ignored/>
  </testcase> <!-- createContactWithMandatoryFieldsTest -->
  <testcase classname="com.vtiger.contactsModule.CreateContactTest" name="createContactWithSupportDateTest" time="0.0">
    <ignored/>
  </testcase> <!-- createContactWithSupportDateTest -->
</testsuite> <!-- Default test -->
