<?xml version="1.0" encoding="UTF-8"?>
<!-- Generated by org.testng.reporters.JUnitXMLReporter -->
<testsuite ignored="2" hostname="CRB" failures="0" tests="1" name="Default test" time="25.913" errors="0" timestamp="2025-11-25T16:32:02 IST">
  <testcase classname="com.vtiger.contactsModule.CreateContactTest" name="createContactWithMandatoryFieldsTest" time="5.489"/>
  <testcase classname="com.vtiger.contactsModule.CreateContactTest" name="createContactWithSupportDateTest" time="0.0">
    <ignored/>
  </testcase> <!-- createContactWithSupportDateTest -->
  <testcase classname="com.vtiger.contactsModule.CreateContactTest" name="createContactWithOrganizationTest" time="0.0">
    <ignored/>
  </testcase> <!-- createContactWithOrganizationTest -->
</testsuite> <!-- Default test -->
