<?xml version="1.0" encoding="UTF-8"?>
<!-- Generated by org.testng.reporters.JUnitXMLReporter -->
<testsuite ignored="0" hostname="CRB" failures="1" tests="3" name="Test-2" time="118.282" errors="0" timestamp="2025-11-24T16:16:47 IST">
  <testcase classname="com.vtiger.contactsModule.CreateContactTest" name="createContactWithMandatoryFieldsTest" time="4.812">
    <failure type="java.lang.AssertionError" message="expected [false] but found [true]">
      <![CDATA[java.lang.AssertionError: expected [false] but found [true]
at com.vtiger.contactsModule.CreateContactTest.createContactWithMandatoryFieldsTest(CreateContactTest.java:54)
at java.base/java.util.ArrayList.forEach(ArrayList.java:1596)
at java.base/java.util.concurrent.FutureTask.run(FutureTask.java:317)
at java.base/java.util.concurrent.ThreadPoolExecutor.runWorker(ThreadPoolExecutor.java:1144)
at java.base/java.util.concurrent.ThreadPoolExecutor$Worker.run(ThreadPoolExecutor.java:642)
at java.base/java.lang.Thread.run(Thread.java:1583)
... Removed 22 stack frames]]>
    </failure>
  </testcase> <!-- createContactWithMandatoryFieldsTest -->
  <testcase classname="com.vtiger.contactsModule.CreateContactTest" name="createContactWithOrganizationTest" time="11.637"/>
  <testcase classname="com.vtiger.contactsModule.CreateContactTest" name="createContactWithSupportDateTest" time="0.0">
    <skipped/>
  </testcase> <!-- createContactWithSupportDateTest -->
</testsuite> <!-- Test-2 -->
