<?xml version="1.0" encoding="UTF-8"?>
<!-- Generated by org.testng.reporters.JUnitXMLReporter -->
<testsuite ignored="0" hostname="CRB" failures="0" tests="3" name="Test-2" time="39.666" errors="0" timestamp="2025-11-25T18:02:29 IST">
  <testcase classname="com.vtiger.contactsModule.CreateContactTest" name="createContactWithMandatoryFieldsTest" time="0.028">
    <skipped/>
  </testcase> <!-- createContactWithMandatoryFieldsTest -->
  <testcase classname="com.vtiger.contactsModule.CreateContactTest" name="createContactWithOrganizationTest" time="0.0">
    <skipped/>
  </testcase> <!-- createContactWithOrganizationTest -->
  <testcase classname="com.vtiger.contactsModule.CreateContactTest" name="createContactWithSupportDateTest" time="0.0">
    <skipped/>
  </testcase> <!-- createContactWithSupportDateTest -->
</testsuite> <!-- Test-2 -->
