<?xml version="1.0" encoding="UTF-8"?>
<!-- Generated by org.testng.reporters.JUnitReportReporter -->
<testsuite hostname="CRB" failures="0" tests="3" name="com.vtiger.leadsModule.CreateLeadsTest" time="65.446" errors="0" timestamp="2025-11-21T15:48:15 IST" skipped="0">
  <testcase classname="com.vtiger.leadsModule.CreateLeadsTest" name="createLeadAssignedToGroupsTest" time="21.992"/>
  <testcase classname="com.vtiger.leadsModule.CreateLeadsTest" name="createLeadWithMandatoryFieldsTest" time="20.442"/>
  <testcase classname="com.vtiger.leadsModule.CreateLeadsTest" name="createLeadsBySelectingAllDropsdowns" time="23.012"/>
</testsuite> <!-- com.vtiger.leadsModule.CreateLeadsTest -->
