<?xml version="1.0" encoding="UTF-8"?>
<!-- Generated by org.testng.reporters.JUnitReportReporter -->
<testsuite hostname="CRB" failures="0" tests="3" name="com.vtiger.trobleTicketsModule.CreateTicketsTest" time="51.584" errors="0" timestamp="2025-11-21T15:48:15 IST" skipped="1">
  <testcase classname="com.vtiger.trobleTicketsModule.CreateTicketsTest" name="createTicketWithOrgTest" time="29.508"/>
  <testcase classname="com.vtiger.trobleTicketsModule.CreateTicketsTest" name="createTicketsWithTitle" time="22.076"/>
  <testcase classname="com.vtiger.trobleTicketsModule.CreateTicketsTest" name="createTicketWithContactTest">
    <skipped/>
  </testcase> <!-- createTicketWithContactTest -->
</testsuite> <!-- com.vtiger.trobleTicketsModule.CreateTicketsTest -->
