<?xml version="1.0" encoding="UTF-8"?>
<!-- Generated by org.testng.reporters.JUnitReportReporter -->
<testsuite hostname="CRB" failures="0" tests="1" name="com.vtiger.organizationModule.CreateOrgWithMandatoryFieldsTest" time="16.208" errors="0" timestamp="2025-11-10T15:42:22 IST" skipped="0">
  <testcase classname="com.vtiger.organizationModule.CreateOrgWithMandatoryFieldsTest" name="createOrgWithMandatoryFieldsTest" time="16.208"/>
  <system-out/>
</testsuite> <!-- com.vtiger.organizationModule.CreateOrgWithMandatoryFieldsTest -->
